# JRE version: OpenJDK Runtime Environment (17.0.7+7) (build 17.0.7+7-LTS)
# Java VM: OpenJDK 64-Bit Server VM (17.0.7+7-LTS, mixed mode, sharing, tiered, compressed oops, compressed class ptrs, g1 gc, windows-amd64)
GC Precious Log:
 CPUs: 4 total, 4 available
 Memory: 8077M
 Large Page Support: Disabled
 NUMA Support: Disabled
 Compressed Oops: Enabled (32-bit)
 Heap Region Size: 1M
 Heap Min Capacity: 8M
 Heap Initial Capacity: 128M
 Heap Max Capacity: 2020M
 Pre-touch: Disabled
 Parallel Workers: 4
 Concurrent Workers: 1
 Concurrent Refinement Workers: 4
 Periodic GC: Disabled
Heap:
 garbage-first heap   total 30720K, used 7933K [0x0000000081c00000, 0x0000000100000000)
  region size 1024K, 1 young (1024K), 0 survivors (0K)
 Metaspace       used 19566K, committed 19776K, reserved 1114112K
  class space    used 1826K, committed 1920K, reserved 1048576K
GC Heap History (8 events):
Event: 2.748 GC heap before
{Heap before GC invocations=0 (full 0):
 garbage-first heap   total 131072K, used 12288K [0x0000000081c00000, 0x0000000100000000)
  region size 1024K, 13 young (13312K), 0 survivors (0K)
 Metaspace       used 4839K, committed 5056K, reserved 1114112K
  class space    used 428K, committed 512K, reserved 1048576K
}
Event: 2.772 GC heap after
{Heap after GC invocations=1 (full 0):
 garbage-first heap   total 131072K, used 1983K [0x0000000081c00000, 0x0000000100000000)
  region size 1024K, 2 young (2048K), 2 survivors (2048K)
 Metaspace       used 4839K, committed 5056K, reserved 1114112K
  class space    used 428K, committed 512K, reserved 1048576K
}
Event: 12.258 GC heap before
{Heap before GC invocations=1 (full 0):
 garbage-first heap   total 131072K, used 18367K [0x0000000081c00000, 0x0000000100000000)
  region size 1024K, 19 young (19456K), 2 survivors (2048K)
 Metaspace       used 10622K, committed 10816K, reserved 1114112K
  class space    used 949K, committed 1024K, reserved 1048576K
}
Event: 12.266 GC heap after
{Heap after GC invocations=2 (full 0):
 garbage-first heap   total 131072K, used 3874K [0x0000000081c00000, 0x0000000100000000)
  region size 1024K, 2 young (2048K), 2 survivors (2048K)
 Metaspace       used 10622K, committed 10816K, reserved 1114112K
  class space    used 949K, committed 1024K, reserved 1048576K
}
Event: 992.981 GC heap before
{Heap before GC invocations=2 (full 0):
 garbage-first heap   total 131072K, used 43810K [0x0000000081c00000, 0x0000000100000000)
  region size 1024K, 42 young (43008K), 2 survivors (2048K)
 Metaspace       used 19483K, committed 19712K, reserved 1114112K
  class space    used 1818K, committed 1920K, reserved 1048576K
}
Event: 993.041 GC heap after
{Heap after GC invocations=3 (full 1):
 garbage-first heap   total 30720K, used 8597K [0x0000000081c00000, 0x0000000100000000)
  region size 1024K, 0 young (0K), 0 survivors (0K)
 Metaspace       used 19483K, committed 19712K, reserved 1114112K
  class space    used 1818K, committed 1920K, reserved 1048576K
}
Event: 993.199 GC heap before
{Heap before GC invocations=3 (full 1):
 garbage-first heap   total 30720K, used 8597K [0x0000000081c00000, 0x0000000100000000)
  region size 1024K, 1 young (1024K), 0 survivors (0K)
 Metaspace       used 19566K, committed 19776K, reserved 1114112K
  class space    used 1826K, committed 1920K, reserved 1048576K
}
Event: 993.241 GC heap after
{Heap after GC invocations=4 (full 2):
 garbage-first heap   total 30720K, used 7933K [0x0000000081c00000, 0x0000000100000000)
  region size 1024K, 0 young (0K), 0 survivors (0K)
 Metaspace       used 19566K, committed 19776K, reserved 1114112K
  class space    used 1826K, committed 1920K, reserved 1048576K
}

