# JRE version: OpenJDK Runtime Environment (17.0.7+7) (build 17.0.7+7-LTS)
# Java VM: OpenJDK 64-Bit Server VM (17.0.7+7-LTS, mixed mode, sharing, tiered, compressed oops, compressed class ptrs, g1 gc, windows-amd64)
GC Precious Log:
 CPUs: 4 total, 4 available
 Memory: 8077M
 Large Page Support: Disabled
 NUMA Support: Disabled
 Compressed Oops: Enabled (32-bit)
 Heap Region Size: 1M
 Heap Min Capacity: 8M
 Heap Initial Capacity: 128M
 Heap Max Capacity: 2020M
 Pre-touch: Disabled
 Parallel Workers: 4
 Concurrent Workers: 1
 Concurrent Refinement Workers: 4
 Periodic GC: Disabled
Heap:
 garbage-first heap   total 30720K, used 8299K [0x0000000081c00000, 0x0000000100000000)
  region size 1024K, 1 young (1024K), 0 survivors (0K)
 Metaspace       used 20097K, committed 20416K, reserved 1114112K
  class space    used 1876K, committed 2048K, reserved 1048576K
GC Heap History (8 events):
Event: 3.355 GC heap before
{Heap before GC invocations=0 (full 0):
 garbage-first heap   total 131072K, used 12288K [0x0000000081c00000, 0x0000000100000000)
  region size 1024K, 13 young (13312K), 0 survivors (0K)
 Metaspace       used 4837K, committed 5056K, reserved 1114112K
  class space    used 428K, committed 512K, reserved 1048576K
}
Event: 3.361 GC heap after
{Heap after GC invocations=1 (full 0):
 garbage-first heap   total 131072K, used 2069K [0x0000000081c00000, 0x0000000100000000)
  region size 1024K, 2 young (2048K), 2 survivors (2048K)
 Metaspace       used 4837K, committed 5056K, reserved 1114112K
  class space    used 428K, committed 512K, reserved 1048576K
}
Event: 32.045 GC heap before
{Heap before GC invocations=1 (full 0):
 garbage-first heap   total 131072K, used 18453K [0x0000000081c00000, 0x0000000100000000)
  region size 1024K, 19 young (19456K), 2 survivors (2048K)
 Metaspace       used 10847K, committed 11008K, reserved 1114112K
  class space    used 976K, committed 1024K, reserved 1048576K
}
Event: 32.056 GC heap after
{Heap after GC invocations=2 (full 0):
 garbage-first heap   total 131072K, used 3698K [0x0000000081c00000, 0x0000000100000000)
  region size 1024K, 2 young (2048K), 2 survivors (2048K)
 Metaspace       used 10847K, committed 11008K, reserved 1114112K
  class space    used 976K, committed 1024K, reserved 1048576K
}
Event: 320.351 GC heap before
{Heap before GC invocations=2 (full 0):
 garbage-first heap   total 131072K, used 50802K [0x0000000081c00000, 0x0000000100000000)
  region size 1024K, 49 young (50176K), 2 survivors (2048K)
 Metaspace       used 20011K, committed 20352K, reserved 1114112K
  class space    used 1868K, committed 2048K, reserved 1048576K
}
Event: 320.421 GC heap after
{Heap after GC invocations=3 (full 1):
 garbage-first heap   total 37888K, used 9326K [0x0000000081c00000, 0x0000000100000000)
  region size 1024K, 0 young (0K), 0 survivors (0K)
 Metaspace       used 20011K, committed 20352K, reserved 1114112K
  class space    used 1868K, committed 2048K, reserved 1048576K
}
Event: 320.707 GC heap before
{Heap before GC invocations=3 (full 1):
 garbage-first heap   total 37888K, used 9326K [0x0000000081c00000, 0x0000000100000000)
  region size 1024K, 1 young (1024K), 0 survivors (0K)
 Metaspace       used 20097K, committed 20416K, reserved 1114112K
  class space    used 1876K, committed 2048K, reserved 1048576K
}
Event: 320.757 GC heap after
{Heap after GC invocations=4 (full 2):
 garbage-first heap   total 30720K, used 8299K [0x0000000081c00000, 0x0000000100000000)
  region size 1024K, 0 young (0K), 0 survivors (0K)
 Metaspace       used 20097K, committed 20416K, reserved 1114112K
  class space    used 1876K, committed 2048K, reserved 1048576K
}

