# JRE version: OpenJDK Runtime Environment Temurin-19.0.2+7 (19.0.2+7) (build 19.0.2+7)
# Java VM: OpenJDK 64-Bit Server VM Temurin-19.0.2+7 (19.0.2+7, mixed mode, sharing, tiered, compressed oops, compressed class ptrs, g1 gc, windows-amd64)
GC Precious Log:
 CardTable entry size: 512
 Card Set container configuration: InlinePtr #cards 4 size 8 Array Of Cards #cards 16 size 48 Howl #buckets 8 coarsen threshold 3686 Howl Bitmap #cards 512 size 80 coarsen threshold 460 Card regions per heap region 1 cards per card region 4096
 CPUs: 8 total, 8 available
 Memory: 16078M
 Large Page Support: Disabled
 NUMA Support: Disabled
 Compressed Oops: Enabled (Zero based)
 Heap Region Size: 2M
 Heap Min Capacity: 8M
 Heap Initial Capacity: 252M
 Heap Max Capacity: 4020M
 Pre-touch: Disabled
 Parallel Workers: 8
 Concurrent Workers: 2
 Concurrent Refinement Workers: 8
 Periodic GC: Disabled
Heap:
 garbage-first heap   total 20480K, used 4952K [0x0000000704c00000, 0x0000000800000000)
  region size 2048K, 1 young (2048K), 0 survivors (0K)
 Metaspace       used 13692K, committed 13952K, reserved 1114112K
  class space    used 1148K, committed 1280K, reserved 1048576K
GC Heap History (6 events):
Event: 0.906 GC heap before
{Heap before GC invocations=0 (full 0):
 garbage-first heap   total 258048K, used 22528K [0x0000000704c00000, 0x0000000800000000)
  region size 2048K, 11 young (22528K), 0 survivors (0K)
 Metaspace       used 8038K, committed 8256K, reserved 1114112K
  class space    used 661K, committed 768K, reserved 1048576K
}
Event: 0.914 GC heap after
{Heap after GC invocations=1 (full 0):
 garbage-first heap   total 258048K, used 2602K [0x0000000704c00000, 0x0000000800000000)
  region size 2048K, 2 young (4096K), 2 survivors (4096K)
 Metaspace       used 8038K, committed 8256K, reserved 1114112K
  class space    used 661K, committed 768K, reserved 1048576K
}
Event: 21.059 GC heap before
{Heap before GC invocations=1 (full 0):
 garbage-first heap   total 258048K, used 21034K [0x0000000704c00000, 0x0000000800000000)
  region size 2048K, 12 young (24576K), 2 survivors (4096K)
 Metaspace       used 13619K, committed 13888K, reserved 1114112K
  class space    used 1142K, committed 1280K, reserved 1048576K
}
Event: 21.076 GC heap after
{Heap after GC invocations=2 (full 1):
 garbage-first heap   total 49152K, used 5099K [0x0000000704c00000, 0x0000000800000000)
  region size 2048K, 0 young (0K), 0 survivors (0K)
 Metaspace       used 13619K, committed 13888K, reserved 1114112K
  class space    used 1142K, committed 1280K, reserved 1048576K
}
Event: 21.142 GC heap before
{Heap before GC invocations=2 (full 1):
 garbage-first heap   total 49152K, used 5099K [0x0000000704c00000, 0x0000000800000000)
  region size 2048K, 1 young (2048K), 0 survivors (0K)
 Metaspace       used 13692K, committed 13952K, reserved 1114112K
  class space    used 1148K, committed 1280K, reserved 1048576K
}
Event: 21.156 GC heap after
{Heap after GC invocations=3 (full 2):
 garbage-first heap   total 20480K, used 4952K [0x0000000704c00000, 0x0000000800000000)
  region size 2048K, 0 young (0K), 0 survivors (0K)
 Metaspace       used 13692K, committed 13952K, reserved 1114112K
  class space    used 1148K, committed 1280K, reserved 1048576K
}

